2022-05-18 14:02:42,437 - ResourceCache: initialized (class org.apache.velocity.runtime.resource.ResourceCacheImpl) with class java.util.Collections$SynchronizedMap cache map.
2022-05-18 14:02:42,437 - Loaded System Directive: org.apache.velocity.runtime.directive.Stop
2022-05-18 14:02:42,437 - Loaded System Directive: org.apache.velocity.runtime.directive.Define
2022-05-18 14:02:42,437 - Loaded System Directive: org.apache.velocity.runtime.directive.Break
2022-05-18 14:02:42,437 - Loaded System Directive: org.apache.velocity.runtime.directive.Evaluate
2022-05-18 14:02:42,437 - Loaded System Directive: org.apache.velocity.runtime.directive.Literal
2022-05-18 14:02:42,437 - Loaded System Directive: org.apache.velocity.runtime.directive.Macro
2022-05-18 14:02:42,437 - Loaded System Directive: org.apache.velocity.runtime.directive.Parse
2022-05-18 14:02:42,437 - Loaded System Directive: org.apache.velocity.runtime.directive.Include
2022-05-18 14:02:42,437 - Loaded System Directive: org.apache.velocity.runtime.directive.Foreach
2022-05-18 14:02:42,438 - Created '20' parsers.
2022-05-18 14:02:42,438 - Velocimacro : "velocimacro.library" is not set.  Trying default library: VM_global_library.vm
2022-05-18 14:02:42,439 - Could not load resource 'VM_global_library.vm' from ResourceLoader org.apache.velocity.runtime.resource.loader.ClasspathResourceLoader: ClasspathResourceLoader Error: cannot find resource VM_global_library.vm
2022-05-18 14:02:42,439 - Velocimacro : Default library not found.
2022-05-18 14:02:42,439 - Velocimacro : allowInline = true : VMs can be defined inline in templates
2022-05-18 14:02:42,439 - Velocimacro : allowInlineToOverride = false : VMs defined inline may NOT replace previous VM definitions
2022-05-18 14:02:42,439 - Velocimacro : allowInlineLocal = false : VMs defined inline will be global in scope if allowed.
2022-05-18 14:02:42,439 - Velocimacro : autoload off : VM system will not automatically reload global library macros
2022-05-18 14:02:42,440 - ResourceManager : found templates/generators/overviewSteps.vm with loader org.apache.velocity.runtime.resource.loader.ClasspathResourceLoader
2022-05-18 14:02:42,442 - ResourceManager : found /templates/headers.vm with loader org.apache.velocity.runtime.resource.loader.ClasspathResourceLoader
2022-05-18 14:02:42,442 - ResourceManager : found /templates/head.vm with loader org.apache.velocity.runtime.resource.loader.ClasspathResourceLoader
2022-05-18 14:02:42,443 - Velocimacro : added VM stringArray: source=/templates/macros/array.js.vm
2022-05-18 14:02:42,443 - Velocimacro : added VM numberArray: source=/templates/macros/array.js.vm
2022-05-18 14:02:42,443 - ResourceManager : found /templates/macros/array.js.vm with loader org.apache.velocity.runtime.resource.loader.ClasspathResourceLoader
2022-05-18 14:02:42,444 - Velocimacro : added VM includeBuildInfo: source=/templates/macros/page/buildinfo.vm
2022-05-18 14:02:42,444 - ResourceManager : found /templates/macros/page/buildinfo.vm with loader org.apache.velocity.runtime.resource.loader.ClasspathResourceLoader
2022-05-18 14:02:42,445 - Velocimacro : added VM includeClassifications: source=/templates/macros/page/classifications.vm
2022-05-18 14:02:42,445 - ResourceManager : found /templates/macros/page/classifications.vm with loader org.apache.velocity.runtime.resource.loader.ClasspathResourceLoader
2022-05-18 14:02:42,446 - Velocimacro : added VM includeLead: source=/templates/macros/page/lead.vm
2022-05-18 14:02:42,446 - ResourceManager : found /templates/macros/page/lead.vm with loader org.apache.velocity.runtime.resource.loader.ClasspathResourceLoader
2022-05-18 14:02:42,447 - Velocimacro : added VM includeNavigation: source=/templates/macros/page/navigation.vm
2022-05-18 14:02:42,447 - ResourceManager : found /templates/macros/page/navigation.vm with loader org.apache.velocity.runtime.resource.loader.ClasspathResourceLoader
2022-05-18 14:02:42,448 - Velocimacro : added VM includeReportInfo: source=/templates/macros/page/reportInfo.vm
2022-05-18 14:02:42,448 - ResourceManager : found /templates/macros/page/reportInfo.vm with loader org.apache.velocity.runtime.resource.loader.ClasspathResourceLoader
2022-05-18 14:02:42,448 - Velocimacro : added VM includeTitle: source=/templates/macros/page/title.vm
2022-05-18 14:02:42,449 - ResourceManager : found /templates/macros/page/title.vm with loader org.apache.velocity.runtime.resource.loader.ClasspathResourceLoader
2022-05-18 14:02:42,449 - Velocimacro : added VM includeExpandingButtons: source=/templates/macros/report/expandAllButtons.vm
2022-05-18 14:02:42,449 - ResourceManager : found /templates/macros/report/expandAllButtons.vm with loader org.apache.velocity.runtime.resource.loader.ClasspathResourceLoader
2022-05-18 14:02:42,450 - Velocimacro : added VM includeReportTable: source=/templates/macros/report/reportTable.vm
2022-05-18 14:02:42,450 - ResourceManager : found /templates/macros/report/reportTable.vm with loader org.apache.velocity.runtime.resource.loader.ClasspathResourceLoader
2022-05-18 14:02:42,451 - Velocimacro : added VM includeReportHeader: source=/templates/macros/report/reportHeader.vm
2022-05-18 14:02:42,451 - ResourceManager : found /templates/macros/report/reportHeader.vm with loader org.apache.velocity.runtime.resource.loader.ClasspathResourceLoader
2022-05-18 14:02:42,453 - Velocimacro : added VM includeStatsTable: source=/templates/macros/report/statsTable.vm
2022-05-18 14:02:42,453 - ResourceManager : found /templates/macros/report/statsTable.vm with loader org.apache.velocity.runtime.resource.loader.ClasspathResourceLoader
2022-05-18 14:02:42,454 - Velocimacro : added VM includeBrief: source=/templates/macros/json/brief.vm
2022-05-18 14:02:42,454 - ResourceManager : found /templates/macros/json/brief.vm with loader org.apache.velocity.runtime.resource.loader.ClasspathResourceLoader
2022-05-18 14:02:42,454 - Velocimacro : added VM includeDocString: source=/templates/macros/json/docstring.vm
2022-05-18 14:02:42,454 - ResourceManager : found /templates/macros/json/docstring.vm with loader org.apache.velocity.runtime.resource.loader.ClasspathResourceLoader
2022-05-18 14:02:42,455 - Velocimacro : added VM includeDuration: source=/templates/macros/json/duration.vm
2022-05-18 14:02:42,455 - ResourceManager : found /templates/macros/json/duration.vm with loader org.apache.velocity.runtime.resource.loader.ClasspathResourceLoader
2022-05-18 14:02:42,456 - Velocimacro : added VM includeElement: source=/templates/macros/json/element.vm
2022-05-18 14:02:42,456 - ResourceManager : found /templates/macros/json/element.vm with loader org.apache.velocity.runtime.resource.loader.ClasspathResourceLoader
2022-05-18 14:02:42,460 - Velocimacro : added VM includeEmbeddings: source=/templates/macros/json/embeddings.vm
2022-05-18 14:02:42,460 - Velocimacro : added VM includeHtmlEmbedding: source=/templates/macros/json/embeddings.vm
2022-05-18 14:02:42,460 - Velocimacro : added VM includeVideoEmbedding: source=/templates/macros/json/embeddings.vm
2022-05-18 14:02:42,460 - Velocimacro : added VM includeImageEmbedding: source=/templates/macros/json/embeddings.vm
2022-05-18 14:02:42,460 - Velocimacro : added VM includeImageReferenceEmbedding: source=/templates/macros/json/embeddings.vm
2022-05-18 14:02:42,460 - Velocimacro : added VM includeTextEmbedding: source=/templates/macros/json/embeddings.vm
2022-05-18 14:02:42,460 - Velocimacro : added VM includeUnknownEmbedding: source=/templates/macros/json/embeddings.vm
2022-05-18 14:02:42,460 - ResourceManager : found /templates/macros/json/embeddings.vm with loader org.apache.velocity.runtime.resource.loader.ClasspathResourceLoader
2022-05-18 14:02:42,462 - Velocimacro : added VM includeHooks: source=/templates/macros/json/hooks.vm
2022-05-18 14:02:42,462 - ResourceManager : found /templates/macros/json/hooks.vm with loader org.apache.velocity.runtime.resource.loader.ClasspathResourceLoader
2022-05-18 14:02:42,463 - Velocimacro : added VM includeOutput: source=/templates/macros/json/output.vm
2022-05-18 14:02:42,463 - ResourceManager : found /templates/macros/json/output.vm with loader org.apache.velocity.runtime.resource.loader.ClasspathResourceLoader
2022-05-18 14:02:42,464 - Velocimacro : added VM includeMessage: source=/templates/macros/json/message.vm
2022-05-18 14:02:42,464 - ResourceManager : found /templates/macros/json/message.vm with loader org.apache.velocity.runtime.resource.loader.ClasspathResourceLoader
2022-05-18 14:02:42,465 - Velocimacro : added VM includeSteps: source=/templates/macros/json/steps.vm
2022-05-18 14:02:42,465 - ResourceManager : found /templates/macros/json/steps.vm with loader org.apache.velocity.runtime.resource.loader.ClasspathResourceLoader
2022-05-18 14:02:42,466 - Velocimacro : added VM includeStepName: source=/templates/macros/json/stepName.vm
2022-05-18 14:02:42,466 - ResourceManager : found /templates/macros/json/stepName.vm with loader org.apache.velocity.runtime.resource.loader.ClasspathResourceLoader
2022-05-18 14:02:42,467 - Velocimacro : added VM includeTags: source=/templates/macros/json/tags.vm
2022-05-18 14:02:42,467 - ResourceManager : found /templates/macros/json/tags.vm with loader org.apache.velocity.runtime.resource.loader.ClasspathResourceLoader
2022-05-18 14:02:42,468 - ResourceManager : found /templates/footer.vm with loader org.apache.velocity.runtime.resource.loader.ClasspathResourceLoader
2022-05-18 14:02:42,471 - Log4JLogChute initialized using file 'target/velocity.log'
2022-05-18 14:02:42,471 - Initializing Velocity, Calling init()...
2022-05-18 14:02:42,472 - Starting Apache Velocity v1.7 (compiled: 2010-11-19 12:14:37)
2022-05-18 14:02:42,472 - Default Properties File: org/apache/velocity/runtime/defaults/velocity.properties
2022-05-18 14:02:42,472 - Trying to use logger class org.apache.velocity.runtime.log.AvalonLogChute
2022-05-18 14:02:42,472 - Target log system for org.apache.velocity.runtime.log.AvalonLogChute is not available (java.lang.NoClassDefFoundError: org/apache/log/format/Formatter).  Falling back to next log system...
2022-05-18 14:02:42,472 - Trying to use logger class org.apache.velocity.runtime.log.Log4JLogChute
2022-05-18 14:02:42,472 - Using logger class org.apache.velocity.runtime.log.Log4JLogChute
2022-05-18 14:02:42,472 - ResourceLoader instantiated: org.apache.velocity.runtime.resource.loader.ClasspathResourceLoader
2022-05-18 14:02:42,472 - ResourceCache: initialized (class org.apache.velocity.runtime.resource.ResourceCacheImpl) with class java.util.Collections$SynchronizedMap cache map.
2022-05-18 14:02:42,472 - Loaded System Directive: org.apache.velocity.runtime.directive.Stop
2022-05-18 14:02:42,472 - Loaded System Directive: org.apache.velocity.runtime.directive.Define
2022-05-18 14:02:42,472 - Loaded System Directive: org.apache.velocity.runtime.directive.Break
2022-05-18 14:02:42,472 - Loaded System Directive: org.apache.velocity.runtime.directive.Evaluate
2022-05-18 14:02:42,473 - Loaded System Directive: org.apache.velocity.runtime.directive.Literal
2022-05-18 14:02:42,473 - Loaded System Directive: org.apache.velocity.runtime.directive.Macro
2022-05-18 14:02:42,473 - Loaded System Directive: org.apache.velocity.runtime.directive.Parse
2022-05-18 14:02:42,473 - Loaded System Directive: org.apache.velocity.runtime.directive.Include
2022-05-18 14:02:42,474 - Loaded System Directive: org.apache.velocity.runtime.directive.Foreach
2022-05-18 14:02:42,476 - Created '20' parsers.
2022-05-18 14:02:42,476 - Velocimacro : "velocimacro.library" is not set.  Trying default library: VM_global_library.vm
2022-05-18 14:02:42,476 - Could not load resource 'VM_global_library.vm' from ResourceLoader org.apache.velocity.runtime.resource.loader.ClasspathResourceLoader: ClasspathResourceLoader Error: cannot find resource VM_global_library.vm
2022-05-18 14:02:42,476 - Velocimacro : Default library not found.
2022-05-18 14:02:42,476 - Velocimacro : allowInline = true : VMs can be defined inline in templates
2022-05-18 14:02:42,477 - Velocimacro : allowInlineToOverride = false : VMs defined inline may NOT replace previous VM definitions
2022-05-18 14:02:42,477 - Velocimacro : allowInlineLocal = false : VMs defined inline will be global in scope if allowed.
2022-05-18 14:02:42,477 - Velocimacro : autoload off : VM system will not automatically reload global library macros
2022-05-18 14:02:42,478 - ResourceManager : found templates/generators/overviewFailures.vm with loader org.apache.velocity.runtime.resource.loader.ClasspathResourceLoader
2022-05-18 14:02:42,480 - ResourceManager : found /templates/headers.vm with loader org.apache.velocity.runtime.resource.loader.ClasspathResourceLoader
2022-05-18 14:02:42,480 - ResourceManager : found /templates/head.vm with loader org.apache.velocity.runtime.resource.loader.ClasspathResourceLoader
2022-05-18 14:02:42,481 - Velocimacro : added VM stringArray: source=/templates/macros/array.js.vm
2022-05-18 14:02:42,481 - Velocimacro : added VM numberArray: source=/templates/macros/array.js.vm
2022-05-18 14:02:42,481 - ResourceManager : found /templates/macros/array.js.vm with loader org.apache.velocity.runtime.resource.loader.ClasspathResourceLoader
2022-05-18 14:02:42,482 - Velocimacro : added VM includeBuildInfo: source=/templates/macros/page/buildinfo.vm
2022-05-18 14:02:42,482 - ResourceManager : found /templates/macros/page/buildinfo.vm with loader org.apache.velocity.runtime.resource.loader.ClasspathResourceLoader
2022-05-18 14:02:42,483 - Velocimacro : added VM includeClassifications: source=/templates/macros/page/classifications.vm
2022-05-18 14:02:42,483 - ResourceManager : found /templates/macros/page/classifications.vm with loader org.apache.velocity.runtime.resource.loader.ClasspathResourceLoader
2022-05-18 14:02:42,484 - Velocimacro : added VM includeLead: source=/templates/macros/page/lead.vm
2022-05-18 14:02:42,484 - ResourceManager : found /templates/macros/page/lead.vm with loader org.apache.velocity.runtime.resource.loader.ClasspathResourceLoader
2022-05-18 14:02:42,485 - Velocimacro : added VM includeNavigation: source=/templates/macros/page/navigation.vm
2022-05-18 14:02:42,485 - ResourceManager : found /templates/macros/page/navigation.vm with loader org.apache.velocity.runtime.resource.loader.ClasspathResourceLoader
2022-05-18 14:02:42,486 - Velocimacro : added VM includeReportInfo: source=/templates/macros/page/reportInfo.vm
2022-05-18 14:02:42,486 - ResourceManager : found /templates/macros/page/reportInfo.vm with loader org.apache.velocity.runtime.resource.loader.ClasspathResourceLoader
2022-05-18 14:02:42,487 - Velocimacro : added VM includeTitle: source=/templates/macros/page/title.vm
2022-05-18 14:02:42,487 - ResourceManager : found /templates/macros/page/title.vm with loader org.apache.velocity.runtime.resource.loader.ClasspathResourceLoader
2022-05-18 14:02:42,488 - Velocimacro : added VM includeExpandingButtons: source=/templates/macros/report/expandAllButtons.vm
2022-05-18 14:02:42,488 - ResourceManager : found /templates/macros/report/expandAllButtons.vm with loader org.apache.velocity.runtime.resource.loader.ClasspathResourceLoader
2022-05-18 14:02:42,489 - Velocimacro : added VM includeReportTable: source=/templates/macros/report/reportTable.vm
2022-05-18 14:02:42,489 - ResourceManager : found /templates/macros/report/reportTable.vm with loader org.apache.velocity.runtime.resource.loader.ClasspathResourceLoader
2022-05-18 14:02:42,490 - Velocimacro : added VM includeReportHeader: source=/templates/macros/report/reportHeader.vm
2022-05-18 14:02:42,490 - ResourceManager : found /templates/macros/report/reportHeader.vm with loader org.apache.velocity.runtime.resource.loader.ClasspathResourceLoader
2022-05-18 14:02:42,492 - Velocimacro : added VM includeStatsTable: source=/templates/macros/report/statsTable.vm
2022-05-18 14:02:42,492 - ResourceManager : found /templates/macros/report/statsTable.vm with loader org.apache.velocity.runtime.resource.loader.ClasspathResourceLoader
2022-05-18 14:02:42,493 - Velocimacro : added VM includeBrief: source=/templates/macros/json/brief.vm
2022-05-18 14:02:42,493 - ResourceManager : found /templates/macros/json/brief.vm with loader org.apache.velocity.runtime.resource.loader.ClasspathResourceLoader
2022-05-18 14:02:42,493 - Velocimacro : added VM includeDocString: source=/templates/macros/json/docstring.vm
2022-05-18 14:02:42,493 - ResourceManager : found /templates/macros/json/docstring.vm with loader org.apache.velocity.runtime.resource.loader.ClasspathResourceLoader
2022-05-18 14:02:42,494 - Velocimacro : added VM includeDuration: source=/templates/macros/json/duration.vm
2022-05-18 14:02:42,494 - ResourceManager : found /templates/macros/json/duration.vm with loader org.apache.velocity.runtime.resource.loader.ClasspathResourceLoader
2022-05-18 14:02:42,495 - Velocimacro : added VM includeElement: source=/templates/macros/json/element.vm
2022-05-18 14:02:42,495 - ResourceManager : found /templates/macros/json/element.vm with loader org.apache.velocity.runtime.resource.loader.ClasspathResourceLoader
2022-05-18 14:02:42,498 - Velocimacro : added VM includeEmbeddings: source=/templates/macros/json/embeddings.vm
2022-05-18 14:02:42,498 - Velocimacro : added VM includeHtmlEmbedding: source=/templates/macros/json/embeddings.vm
2022-05-18 14:02:42,498 - Velocimacro : added VM includeVideoEmbedding: source=/templates/macros/json/embeddings.vm
2022-05-18 14:02:42,498 - Velocimacro : added VM includeImageEmbedding: source=/templates/macros/json/embeddings.vm
2022-05-18 14:02:42,498 - Velocimacro : added VM includeImageReferenceEmbedding: source=/templates/macros/json/embeddings.vm
2022-05-18 14:02:42,498 - Velocimacro : added VM includeTextEmbedding: source=/templates/macros/json/embeddings.vm
2022-05-18 14:02:42,499 - Velocimacro : added VM includeUnknownEmbedding: source=/templates/macros/json/embeddings.vm
2022-05-18 14:02:42,499 - ResourceManager : found /templates/macros/json/embeddings.vm with loader org.apache.velocity.runtime.resource.loader.ClasspathResourceLoader
2022-05-18 14:02:42,500 - Velocimacro : added VM includeHooks: source=/templates/macros/json/hooks.vm
2022-05-18 14:02:42,500 - ResourceManager : found /templates/macros/json/hooks.vm with loader org.apache.velocity.runtime.resource.loader.ClasspathResourceLoader
2022-05-18 14:02:42,501 - Velocimacro : added VM includeOutput: source=/templates/macros/json/output.vm
2022-05-18 14:02:42,501 - ResourceManager : found /templates/macros/json/output.vm with loader org.apache.velocity.runtime.resource.loader.ClasspathResourceLoader
2022-05-18 14:02:42,501 - Velocimacro : added VM includeMessage: source=/templates/macros/json/message.vm
2022-05-18 14:02:42,501 - ResourceManager : found /templates/macros/json/message.vm with loader org.apache.velocity.runtime.resource.loader.ClasspathResourceLoader
2022-05-18 14:02:42,503 - Velocimacro : added VM includeSteps: source=/templates/macros/json/steps.vm
2022-05-18 14:02:42,503 - ResourceManager : found /templates/macros/json/steps.vm with loader org.apache.velocity.runtime.resource.loader.ClasspathResourceLoader
2022-05-18 14:02:42,503 - Velocimacro : added VM includeStepName: source=/templates/macros/json/stepName.vm
2022-05-18 14:02:42,503 - ResourceManager : found /templates/macros/json/stepName.vm with loader org.apache.velocity.runtime.resource.loader.ClasspathResourceLoader
2022-05-18 14:02:42,504 - Velocimacro : added VM includeTags: source=/templates/macros/json/tags.vm
2022-05-18 14:02:42,504 - ResourceManager : found /templates/macros/json/tags.vm with loader org.apache.velocity.runtime.resource.loader.ClasspathResourceLoader
2022-05-18 14:02:42,505 - ResourceManager : found /templates/footer.vm with loader org.apache.velocity.runtime.resource.loader.ClasspathResourceLoader
.vm with loader org.apache.velocity.runtime.resource.loader.ClasspathResourceLoader
2022-05-18 14:02:42,505 - ResourceManager : found /templates/footer.vm with loader org.apache.velocity.runtime.resource.loader.ClasspathResourceLoader
2022-05-19 13:18:08,603 - Log4JLogChute initialized using file 'target/velocity.log'
2022-05-19 13:18:08,605 - Initializing Velocity, Calling init()...
2022-05-19 13:18:08,605 - Starting Apache Velocity v1.7 (compiled: 2010-11-19 12:14:37)
2022-05-19 13:18:08,605 - Default Properties File: org/apache/velocity/runtime/defaults/velocity.properties
2022-05-19 13:18:08,605 - Trying to use logger class org.apache.velocity.runtime.log.AvalonLogChute
2022-05-19 13:18:08,605 - Target log system for org.apache.velocity.runtime.log.AvalonLogChute is not available (java.lang.NoClassDefFoundError: org/apache/log/format/Formatter).  Falling back to next log system...
2022-05-19 13:18:08,605 - Trying to use logger class org.apache.velocity.runtime.log.Log4JLogChute
2022-05-19 13:18:08,605 - Using logger class org.apache.velocity.runtime.log.Log4JLogChute
2022-05-19 13:18:08,607 - ResourceLoader instantiated: org.apache.velocity.runtime.resource.loader.ClasspathResourceLoader
2022-05-19 13:18:08,619 - ResourceCache: initialized (class org.apache.velocity.runtime.resource.ResourceCacheImpl) with class java.util.Collections$SynchronizedMap cache map.
2022-05-19 13:18:08,620 - Loaded System Directive: org.apache.velocity.runtime.directive.Stop
2022-05-19 13:18:08,622 - Loaded System Directive: org.apache.velocity.runtime.directive.Define
2022-05-19 13:18:08,622 - Loaded System Directive: org.apache.velocity.runtime.directive.Break
2022-05-19 13:18:08,623 - Loaded System Directive: org.apache.velocity.runtime.directive.Evaluate
2022-05-19 13:18:08,623 - Loaded System Directive: org.apache.velocity.runtime.directive.Literal
2022-05-19 13:18:08,624 - Loaded System Directive: org.apache.velocity.runtime.directive.Macro
2022-05-19 13:18:08,625 - Loaded System Directive: org.apache.velocity.runtime.directive.Parse
2022-05-19 13:18:08,626 - Loaded System Directive: org.apache.velocity.runtime.directive.Include
2022-05-19 13:18:08,626 - Loaded System Directive: org.apache.velocity.runtime.directive.Foreach
2022-05-19 13:18:08,648 - Created '20' parsers.
2022-05-19 13:18:08,652 - Velocimacro : "velocimacro.library" is not set.  Trying default library: VM_global_library.vm
2022-05-19 13:18:08,653 - Could not load resource 'VM_global_library.vm' from ResourceLoader org.apache.velocity.runtime.resource.loader.ClasspathResourceLoader: ClasspathResourceLoader Error: cannot find resource VM_global_library.vm
2022-05-19 13:18:08,653 - Velocimacro : Default library not found.
2022-05-19 13:18:08,653 - Velocimacro : allowInline = true : VMs can be defined inline in templates
2022-05-19 13:18:08,653 - Velocimacro : allowInlineToOverride = false : VMs defined inline may NOT replace previous VM definitions
2022-05-19 13:18:08,653 - Velocimacro : allowInlineLocal = false : VMs defined inline will be global in scope if allowed.
2022-05-19 13:18:08,653 - Velocimacro : autoload off : VM system will not automatically reload global library macros
2022-05-19 13:18:08,761 - ResourceManager : found templates/generators/errorpage.vm with loader org.apache.velocity.runtime.resource.loader.ClasspathResourceLoader
2022-05-19 13:18:08,765 - ResourceManager : found /templates/headers.vm with loader org.apache.velocity.runtime.resource.loader.ClasspathResourceLoader
2022-05-19 13:18:08,766 - ResourceManager : found /templates/head.vm with loader org.apache.velocity.runtime.resource.loader.ClasspathResourceLoader
2022-05-19 13:18:08,768 - Velocimacro : added VM stringArray: source=/templates/macros/array.js.vm
2022-05-19 13:18:08,768 - Velocimacro : added VM numberArray: source=/templates/macros/array.js.vm
2022-05-19 13:18:08,768 - ResourceManager : found /templates/macros/array.js.vm with loader org.apache.velocity.runtime.resource.loader.ClasspathResourceLoader
2022-05-19 13:18:08,771 - Velocimacro : added VM includeBuildInfo: source=/templates/macros/page/buildinfo.vm
2022-05-19 13:18:08,772 - ResourceManager : found /templates/macros/page/buildinfo.vm with loader org.apache.velocity.runtime.resource.loader.ClasspathResourceLoader
2022-05-19 13:18:08,775 - Velocimacro : added VM includeClassifications: source=/templates/macros/page/classifications.vm
2022-05-19 13:18:08,776 - ResourceManager : found /templates/macros/page/classifications.vm with loader org.apache.velocity.runtime.resource.loader.ClasspathResourceLoader
2022-05-19 13:18:08,776 - Velocimacro : added VM includeLead: source=/templates/macros/page/lead.vm
2022-05-19 13:18:08,777 - ResourceManager : found /templates/macros/page/lead.vm with loader org.apache.velocity.runtime.resource.loader.ClasspathResourceLoader
2022-05-19 13:18:08,781 - Velocimacro : added VM includeNavigation: source=/templates/macros/page/navigation.vm
2022-05-19 13:18:08,781 - ResourceManager : found /templates/macros/page/navigation.vm with loader org.apache.velocity.runtime.resource.loader.ClasspathResourceLoader
2022-05-19 13:18:08,783 - Velocimacro : added VM includeReportInfo: source=/templates/macros/page/reportInfo.vm
2022-05-19 13:18:08,784 - ResourceManager : found /templates/macros/page/reportInfo.vm with loader org.apache.velocity.runtime.resource.loader.ClasspathResourceLoader
2022-05-19 13:18:08,785 - Velocimacro : added VM includeTitle: source=/templates/macros/page/title.vm
2022-05-19 13:18:08,785 - ResourceManager : found /templates/macros/page/title.vm with loader org.apache.velocity.runtime.resource.loader.ClasspathResourceLoader
2022-05-19 13:18:08,786 - Velocimacro : added VM includeExpandingButtons: source=/templates/macros/report/expandAllButtons.vm
2022-05-19 13:18:08,786 - ResourceManager : found /templates/macros/report/expandAllButtons.vm with loader org.apache.velocity.runtime.resource.loader.ClasspathResourceLoader
2022-05-19 13:18:08,790 - Velocimacro : added VM includeReportTable: source=/templates/macros/report/reportTable.vm
2022-05-19 13:18:08,790 - ResourceManager : found /templates/macros/report/reportTable.vm with loader org.apache.velocity.runtime.resource.loader.ClasspathResourceLoader
2022-05-19 13:18:08,792 - Velocimacro : added VM includeReportHeader: source=/templates/macros/report/reportHeader.vm
2022-05-19 13:18:08,792 - ResourceManager : found /templates/macros/report/reportHeader.vm with loader org.apache.velocity.runtime.resource.loader.ClasspathResourceLoader
2022-05-19 13:18:08,797 - Velocimacro : added VM includeStatsTable: source=/templates/macros/report/statsTable.vm
2022-05-19 13:18:08,797 - ResourceManager : found /templates/macros/report/statsTable.vm with loader org.apache.velocity.runtime.resource.loader.ClasspathResourceLoader
2022-05-19 13:18:08,798 - Velocimacro : added VM includeBrief: source=/templates/macros/json/brief.vm
2022-05-19 13:18:08,798 - ResourceManager : found /templates/macros/json/brief.vm with loader org.apache.velocity.runtime.resource.loader.ClasspathResourceLoader
2022-05-19 13:18:08,799 - Velocimacro : added VM includeDocString: source=/templates/macros/json/docstring.vm
2022-05-19 13:18:08,799 - ResourceManager : found /templates/macros/json/docstring.vm with loader org.apache.velocity.runtime.resource.loader.ClasspathResourceLoader
2022-05-19 13:18:08,800 - Velocimacro : added VM includeDuration: source=/templates/macros/json/duration.vm
2022-05-19 13:18:08,800 - ResourceManager : found /templates/macros/json/duration.vm with loader org.apache.velocity.runtime.resource.loader.ClasspathResourceLoader
2022-05-19 13:18:08,802 - Velocimacro : added VM includeElement: source=/templates/macros/json/element.vm
2022-05-19 13:18:08,802 - ResourceManager : found /templates/macros/json/element.vm with loader org.apache.velocity.runtime.resource.loader.ClasspathResourceLoader
2022-05-19 13:18:08,811 - Velocimacro : added VM includeEmbeddings: source=/templates/macros/json/embeddings.vm
2022-05-19 13:18:08,812 - Velocimacro : added VM includeHtmlEmbedding: source=/templates/macros/json/embeddings.vm
2022-05-19 13:18:08,812 - Velocimacro : added VM includeVideoEmbedding: source=/templates/macros/json/embeddings.vm
2022-05-19 13:18:08,812 - Velocimacro : added VM includeImageEmbedding: source=/templates/macros/json/embeddings.vm
2022-05-19 13:18:08,812 - Velocimacro : added VM includeImageReferenceEmbedding: source=/templates/macros/json/embeddings.vm
2022-05-19 13:18:08,813 - Velocimacro : added VM includeTextEmbedding: source=/templates/macros/json/embeddings.vm
2022-05-19 13:18:08,813 - Velocimacro : added VM includeUnknownEmbedding: source=/templates/macros/json/embeddings.vm
2022-05-19 13:18:08,813 - ResourceManager : found /templates/macros/json/embeddings.vm with loader org.apache.velocity.runtime.resource.loader.ClasspathResourceLoader
2022-05-19 13:18:08,815 - Velocimacro : added VM includeHooks: source=/templates/macros/json/hooks.vm
2022-05-19 13:18:08,815 - ResourceManager : found /templates/macros/json/hooks.vm with loader org.apache.velocity.runtime.resource.loader.ClasspathResourceLoader
2022-05-19 13:18:08,817 - Velocimacro : added VM includeOutput: source=/templates/macros/json/output.vm
2022-05-19 13:18:08,817 - ResourceManager : found /templates/macros/json/output.vm with loader org.apache.velocity.runtime.resource.loader.ClasspathResourceLoader
2022-05-19 13:18:08,817 - Velocimacro : added VM includeMessage: source=/templates/macros/json/message.vm
2022-05-19 13:18:08,817 - ResourceManager : found /templates/macros/json/message.vm with loader org.apache.velocity.runtime.resource.loader.ClasspathResourceLoader
2022-05-19 13:18:08,822 - Velocimacro : added VM includeSteps: source=/templates/macros/json/steps.vm
2022-05-19 13:18:08,823 - ResourceManager : found /templates/macros/json/steps.vm with loader org.apache.velocity.runtime.resource.loader.ClasspathResourceLoader
2022-05-19 13:18:08,823 - Velocimacro : added VM includeStepName: source=/templates/macros/json/stepName.vm
2022-05-19 13:18:08,824 - ResourceManager : found /templates/macros/json/stepName.vm with loader org.apache.velocity.runtime.resource.loader.ClasspathResourceLoader
2022-05-19 13:18:08,824 - Velocimacro : added VM includeTags: source=/templates/macros/json/tags.vm
2022-05-19 13:18:08,824 - ResourceManager : found /templates/macros/json/tags.vm with loader org.apache.velocity.runtime.resource.loader.ClasspathResourceLoader
2022-05-19 13:18:08,833 - VM #includeNavigation: too few arguments to macro. Wanted 1 got 0
2022-05-19 13:18:08,833 - Left side ($active_tab) of '==' operation has null value. If it is a reference, it may not be in the context or its toString() returned null. /templates/macros/page/navigation.vm[line 14, column 51]
2022-05-19 13:18:08,834 - Left side ($active_tab) of '==' operation has null value. If it is a reference, it may not be in the context or its toString() returned null. /templates/macros/page/navigation.vm[line 15, column 51]
2022-05-19 13:18:08,834 - Left side ($active_tab) of '==' operation has null value. If it is a reference, it may not be in the context or its toString() returned null. /templates/macros/page/navigation.vm[line 16, column 51]
2022-05-19 13:18:08,834 - Left side ($active_tab) of '==' operation has null value. If it is a reference, it may not be in the context or its toString() returned null. /templates/macros/page/navigation.vm[line 20, column 51]
2022-05-19 13:18:08,849 - ResourceManager : found /templates/footer.vm with loader org.apache.velocity.runtime.resource.loader.ClasspathResourceLoader
2022-05-20 19:57:11,533 - Log4JLogChute initialized using file 'target/velocity.log'
2022-05-20 19:57:11,535 - Initializing Velocity, Calling init()...
2022-05-20 19:57:11,535 - Starting Apache Velocity v1.7 (compiled: 2010-11-19 12:14:37)
2022-05-20 19:57:11,535 - Default Properties File: org/apache/velocity/runtime/defaults/velocity.properties
2022-05-20 19:57:11,535 - Trying to use logger class org.apache.velocity.runtime.log.AvalonLogChute
2022-05-20 19:57:11,535 - Target log system for org.apache.velocity.runtime.log.AvalonLogChute is not available (java.lang.NoClassDefFoundError: org/apache/log/format/Formatter).  Falling back to next log system...
2022-05-20 19:57:11,535 - Trying to use logger class org.apache.velocity.runtime.log.Log4JLogChute
2022-05-20 19:57:11,536 - Using logger class org.apache.velocity.runtime.log.Log4JLogChute
2022-05-20 19:57:11,537 - ResourceLoader instantiated: org.apache.velocity.runtime.resource.loader.ClasspathResourceLoader
2022-05-20 19:57:11,543 - ResourceCache: initialized (class org.apache.velocity.runtime.resource.ResourceCacheImpl) with class java.util.Collections$SynchronizedMap cache map.
2022-05-20 19:57:11,545 - Loaded System Directive: org.apache.velocity.runtime.directive.Stop
2022-05-20 19:57:11,545 - Loaded System Directive: org.apache.velocity.runtime.directive.Define
2022-05-20 19:57:11,546 - Loaded System Directive: org.apache.velocity.runtime.directive.Break
2022-05-20 19:57:11,546 - Loaded System Directive: org.apache.velocity.runtime.directive.Evaluate
2022-05-20 19:57:11,546 - Loaded System Directive: org.apache.velocity.runtime.directive.Literal
2022-05-20 19:57:11,547 - Loaded System Directive: org.apache.velocity.runtime.directive.Macro
2022-05-20 19:57:11,547 - Loaded System Directive: org.apache.velocity.runtime.directive.Parse
2022-05-20 19:57:11,548 - Loaded System Directive: org.apache.velocity.runtime.directive.Include
2022-05-20 19:57:11,549 - Loaded System Directive: org.apache.velocity.runtime.directive.Foreach
2022-05-20 19:57:11,567 - Created '20' parsers.
2022-05-20 19:57:11,569 - Velocimacro : "velocimacro.library" is not set.  Trying default library: VM_global_library.vm
2022-05-20 19:57:11,570 - Could not load resource 'VM_global_library.vm' from ResourceLoader org.apache.velocity.runtime.resource.loader.ClasspathResourceLoader: ClasspathResourceLoader Error: cannot find resource VM_global_library.vm
2022-05-20 19:57:11,570 - Velocimacro : Default library not found.
2022-05-20 19:57:11,570 - Velocimacro : allowInline = true : VMs can be defined inline in templates
2022-05-20 19:57:11,570 - Velocimacro : allowInlineToOverride = false : VMs defined inline may NOT replace previous VM definitions
2022-05-20 19:57:11,570 - Velocimacro : allowInlineLocal = false : VMs defined inline will be global in scope if allowed.
2022-05-20 19:57:11,570 - Velocimacro : autoload off : VM system will not automatically reload global library macros
2022-05-20 19:57:11,652 - ResourceManager : found templates/generators/errorpage.vm with loader org.apache.velocity.runtime.resource.loader.ClasspathResourceLoader
2022-05-20 19:57:11,658 - ResourceManager : found /templates/headers.vm with loader org.apache.velocity.runtime.resource.loader.ClasspathResourceLoader
2022-05-20 19:57:11,658 - ResourceManager : found /templates/head.vm with loader org.apache.velocity.runtime.resource.loader.ClasspathResourceLoader
2022-05-20 19:57:11,660 - Velocimacro : added VM stringArray: source=/templates/macros/array.js.vm
2022-05-20 19:57:11,660 - Velocimacro : added VM numberArray: source=/templates/macros/array.js.vm
2022-05-20 19:57:11,660 - ResourceManager : found /templates/macros/array.js.vm with loader org.apache.velocity.runtime.resource.loader.ClasspathResourceLoader
2022-05-20 19:57:11,661 - Velocimacro : added VM includeBuildInfo: source=/templates/macros/page/buildinfo.vm
2022-05-20 19:57:11,661 - ResourceManager : found /templates/macros/page/buildinfo.vm with loader org.apache.velocity.runtime.resource.loader.ClasspathResourceLoader
2022-05-20 19:57:11,664 - Velocimacro : added VM includeClassifications: source=/templates/macros/page/classifications.vm
2022-05-20 19:57:11,664 - ResourceManager : found /templates/macros/page/classifications.vm with loader org.apache.velocity.runtime.resource.loader.ClasspathResourceLoader
2022-05-20 19:57:11,665 - Velocimacro : added VM includeLead: source=/templates/macros/page/lead.vm
2022-05-20 19:57:11,665 - ResourceManager : found /templates/macros/page/lead.vm with loader org.apache.velocity.runtime.resource.loader.ClasspathResourceLoader
2022-05-20 19:57:11,668 - Velocimacro : added VM includeNavigation: source=/templates/macros/page/navigation.vm
2022-05-20 19:57:11,668 - ResourceManager : found /templates/macros/page/navigation.vm with loader org.apache.velocity.runtime.resource.loader.ClasspathResourceLoader
2022-05-20 19:57:11,670 - Velocimacro : added VM includeReportInfo: source=/templates/macros/page/reportInfo.vm
2022-05-20 19:57:11,670 - ResourceManager : found /templates/macros/page/reportInfo.vm with loader org.apache.velocity.runtime.resource.loader.ClasspathResourceLoader
2022-05-20 19:57:11,671 - Velocimacro : added VM includeTitle: source=/templates/macros/page/title.vm
2022-05-20 19:57:11,671 - ResourceManager : found /templates/macros/page/title.vm with loader org.apache.velocity.runtime.resource.loader.ClasspathResourceLoader
2022-05-20 19:57:11,672 - Velocimacro : added VM includeExpandingButtons: source=/templates/macros/report/expandAllButtons.vm
2022-05-20 19:57:11,672 - ResourceManager : found /templates/macros/report/expandAllButtons.vm with loader org.apache.velocity.runtime.resource.loader.ClasspathResourceLoader
2022-05-20 19:57:11,676 - Velocimacro : added VM includeReportTable: source=/templates/macros/report/reportTable.vm
2022-05-20 19:57:11,676 - ResourceManager : found /templates/macros/report/reportTable.vm with loader org.apache.velocity.runtime.resource.loader.ClasspathResourceLoader
2022-05-20 19:57:11,677 - Velocimacro : added VM includeReportHeader: source=/templates/macros/report/reportHeader.vm
2022-05-20 19:57:11,677 - ResourceManager : found /templates/macros/report/reportHeader.vm with loader org.apache.velocity.runtime.resource.loader.ClasspathResourceLoader
2022-05-20 19:57:11,682 - Velocimacro : added VM includeStatsTable: source=/templates/macros/report/statsTable.vm
2022-05-20 19:57:11,682 - ResourceManager : found /templates/macros/report/statsTable.vm with loader org.apache.velocity.runtime.resource.loader.ClasspathResourceLoader
2022-05-20 19:57:11,683 - Velocimacro : added VM includeBrief: source=/templates/macros/json/brief.vm
2022-05-20 19:57:11,683 - ResourceManager : found /templates/macros/json/brief.vm with loader org.apache.velocity.runtime.resource.loader.ClasspathResourceLoader
2022-05-20 19:57:11,684 - Velocimacro : added VM includeDocString: source=/templates/macros/json/docstring.vm
2022-05-20 19:57:11,684 - ResourceManager : found /templates/macros/json/docstring.vm with loader org.apache.velocity.runtime.resource.loader.ClasspathResourceLoader
2022-05-20 19:57:11,686 - Velocimacro : added VM includeDuration: source=/templates/macros/json/duration.vm
2022-05-20 19:57:11,686 - ResourceManager : found /templates/macros/json/duration.vm with loader org.apache.velocity.runtime.resource.loader.ClasspathResourceLoader
2022-05-20 19:57:11,689 - Velocimacro : added VM includeElement: source=/templates/macros/json/element.vm
2022-05-20 19:57:11,689 - ResourceManager : found /templates/macros/json/element.vm with loader org.apache.velocity.runtime.resource.loader.ClasspathResourceLoader
2022-05-20 19:57:11,696 - Velocimacro : added VM includeEmbeddings: source=/templates/macros/json/embeddings.vm
2022-05-20 19:57:11,696 - Velocimacro : added VM includeHtmlEmbedding: source=/templates/macros/json/embeddings.vm
2022-05-20 19:57:11,696 - Velocimacro : added VM includeVideoEmbedding: source=/templates/macros/json/embeddings.vm
2022-05-20 19:57:11,696 - Velocimacro : added VM includeImageEmbedding: source=/templates/macros/json/embeddings.vm
2022-05-20 19:57:11,696 - Velocimacro : added VM includeImageReferenceEmbedding: source=/templates/macros/json/embeddings.vm
2022-05-20 19:57:11,697 - Velocimacro : added VM includeTextEmbedding: source=/templates/macros/json/embeddings.vm
2022-05-20 19:57:11,697 - Velocimacro : added VM includeUnknownEmbedding: source=/templates/macros/json/embeddings.vm
2022-05-20 19:57:11,697 - ResourceManager : found /templates/macros/json/embeddings.vm with loader org.apache.velocity.runtime.resource.loader.ClasspathResourceLoader
2022-05-20 19:57:11,699 - Velocimacro : added VM includeHooks: source=/templates/macros/json/hooks.vm
2022-05-20 19:57:11,699 - ResourceManager : found /templates/macros/json/hooks.vm with loader org.apache.velocity.runtime.resource.loader.ClasspathResourceLoader
2022-05-20 19:57:11,701 - Velocimacro : added VM includeOutput: source=/templates/macros/json/output.vm
2022-05-20 19:57:11,701 - ResourceManager : found /templates/macros/json/output.vm with loader org.apache.velocity.runtime.resource.loader.ClasspathResourceLoader
2022-05-20 19:57:11,702 - Velocimacro : added VM includeMessage: source=/templates/macros/json/message.vm
2022-05-20 19:57:11,702 - ResourceManager : found /templates/macros/json/message.vm with loader org.apache.velocity.runtime.resource.loader.ClasspathResourceLoader
2022-05-20 19:57:11,704 - Velocimacro : added VM includeSteps: source=/templates/macros/json/steps.vm
2022-05-20 19:57:11,704 - ResourceManager : found /templates/macros/json/steps.vm with loader org.apache.velocity.runtime.resource.loader.ClasspathResourceLoader
2022-05-20 19:57:11,705 - Velocimacro : added VM includeStepName: source=/templates/macros/json/stepName.vm
2022-05-20 19:57:11,705 - ResourceManager : found /templates/macros/json/stepName.vm with loader org.apache.velocity.runtime.resource.loader.ClasspathResourceLoader
2022-05-20 19:57:11,706 - Velocimacro : added VM includeTags: source=/templates/macros/json/tags.vm
2022-05-20 19:57:11,706 - ResourceManager : found /templates/macros/json/tags.vm with loader org.apache.velocity.runtime.resource.loader.ClasspathResourceLoader
2022-05-20 19:57:11,711 - VM #includeNavigation: too few arguments to macro. Wanted 1 got 0
2022-05-20 19:57:11,711 - Left side ($active_tab) of '==' operation has null value. If it is a reference, it may not be in the context or its toString() returned null. /templates/macros/page/navigation.vm[line 14, column 51]
2022-05-20 19:57:11,712 - Left side ($active_tab) of '==' operation has null value. If it is a reference, it may not be in the context or its toString() returned null. /templates/macros/page/navigation.vm[line 15, column 51]
2022-05-20 19:57:11,712 - Left side ($active_tab) of '==' operation has null value. If it is a reference, it may not be in the context or its toString() returned null. /templates/macros/page/navigation.vm[line 16, column 51]
2022-05-20 19:57:11,712 - Left side ($active_tab) of '==' operation has null value. If it is a reference, it may not be in the context or its toString() returned null. /templates/macros/page/navigation.vm[line 20, column 51]
2022-05-20 19:57:11,725 - ResourceManager : found /templates/footer.vm with loader org.apache.velocity.runtime.resource.loader.ClasspathResourceLoader
2022-05-20 20:07:54,800 - Log4JLogChute initialized using file 'target/velocity.log'
2022-05-20 20:07:54,802 - Initializing Velocity, Calling init()...
2022-05-20 20:07:54,802 - Starting Apache Velocity v1.7 (compiled: 2010-11-19 12:14:37)
2022-05-20 20:07:54,802 - Default Properties File: org/apache/velocity/runtime/defaults/velocity.properties
2022-05-20 20:07:54,802 - Trying to use logger class org.apache.velocity.runtime.log.AvalonLogChute
2022-05-20 20:07:54,802 - Target log system for org.apache.velocity.runtime.log.AvalonLogChute is not available (java.lang.NoClassDefFoundError: org/apache/log/format/Formatter).  Falling back to next log system...
2022-05-20 20:07:54,802 - Trying to use logger class org.apache.velocity.runtime.log.Log4JLogChute
2022-05-20 20:07:54,802 - Using logger class org.apache.velocity.runtime.log.Log4JLogChute
2022-05-20 20:07:54,804 - ResourceLoader instantiated: org.apache.velocity.runtime.resource.loader.ClasspathResourceLoader
2022-05-20 20:07:54,810 - ResourceCache: initialized (class org.apache.velocity.runtime.resource.ResourceCacheImpl) with class java.util.Collections$SynchronizedMap cache map.
2022-05-20 20:07:54,811 - Loaded System Directive: org.apache.velocity.runtime.directive.Stop
2022-05-20 20:07:54,812 - Loaded System Directive: org.apache.velocity.runtime.directive.Define
2022-05-20 20:07:54,812 - Loaded System Directive: org.apache.velocity.runtime.directive.Break
2022-05-20 20:07:54,813 - Loaded System Directive: org.apache.velocity.runtime.directive.Evaluate
2022-05-20 20:07:54,814 - Loaded System Directive: org.apache.velocity.runtime.directive.Literal
2022-05-20 20:07:54,815 - Loaded System Directive: org.apache.velocity.runtime.directive.Macro
2022-05-20 20:07:54,834 - Loaded System Directive: org.apache.velocity.runtime.directive.Parse
2022-05-20 20:07:54,851 - Loaded System Directive: org.apache.velocity.runtime.directive.Include
2022-05-20 20:07:54,870 - Loaded System Directive: org.apache.velocity.runtime.directive.Foreach
2022-05-20 20:07:54,891 - Created '20' parsers.
2022-05-20 20:07:54,895 - Velocimacro : "velocimacro.library" is not set.  Trying default library: VM_global_library.vm
2022-05-20 20:07:54,896 - Could not load resource 'VM_global_library.vm' from ResourceLoader org.apache.velocity.runtime.resource.loader.ClasspathResourceLoader: ClasspathResourceLoader Error: cannot find resource VM_global_library.vm
2022-05-20 20:07:54,896 - Velocimacro : Default library not found.
2022-05-20 20:07:54,896 - Velocimacro : allowInline = true : VMs can be defined inline in templates
2022-05-20 20:07:54,896 - Velocimacro : allowInlineToOverride = false : VMs defined inline may NOT replace previous VM definitions
2022-05-20 20:07:54,896 - Velocimacro : allowInlineLocal = false : VMs defined inline will be global in scope if allowed.
2022-05-20 20:07:54,896 - Velocimacro : autoload off : VM system will not automatically reload global library macros
2022-05-20 20:07:54,960 - ResourceManager : found templates/generators/errorpage.vm with loader org.apache.velocity.runtime.resource.loader.ClasspathResourceLoader
2022-05-20 20:07:54,963 - ResourceManager : found /templates/headers.vm with loader org.apache.velocity.runtime.resource.loader.ClasspathResourceLoader
2022-05-20 20:07:54,964 - ResourceManager : found /templates/head.vm with loader org.apache.velocity.runtime.resource.loader.ClasspathResourceLoader
2022-05-20 20:07:54,966 - Velocimacro : added VM stringArray: source=/templates/macros/array.js.vm
2022-05-20 20:07:54,966 - Velocimacro : added VM numberArray: source=/templates/macros/array.js.vm
2022-05-20 20:07:54,966 - ResourceManager : found /templates/macros/array.js.vm with loader org.apache.velocity.runtime.resource.loader.ClasspathResourceLoader
2022-05-20 20:07:54,968 - Velocimacro : added VM includeBuildInfo: source=/templates/macros/page/buildinfo.vm
2022-05-20 20:07:54,968 - ResourceManager : found /templates/macros/page/buildinfo.vm with loader org.apache.velocity.runtime.resource.loader.ClasspathResourceLoader
2022-05-20 20:07:54,971 - Velocimacro : added VM includeClassifications: source=/templates/macros/page/classifications.vm
2022-05-20 20:07:54,971 - ResourceManager : found /templates/macros/page/classifications.vm with loader org.apache.velocity.runtime.resource.loader.ClasspathResourceLoader
2022-05-20 20:07:54,972 - Velocimacro : added VM includeLead: source=/templates/macros/page/lead.vm
2022-05-20 20:07:54,972 - ResourceManager : found /templates/macros/page/lead.vm with loader org.apache.velocity.runtime.resource.loader.ClasspathResourceLoader
2022-05-20 20:07:54,975 - Velocimacro : added VM includeNavigation: source=/templates/macros/page/navigation.vm
2022-05-20 20:07:54,975 - ResourceManager : found /templates/macros/page/navigation.vm with loader org.apache.velocity.runtime.resource.loader.ClasspathResourceLoader
2022-05-20 20:07:54,978 - Velocimacro : added VM includeReportInfo: source=/templates/macros/page/reportInfo.vm
2022-05-20 20:07:54,978 - ResourceManager : found /templates/macros/page/reportInfo.vm with loader org.apache.velocity.runtime.resource.loader.ClasspathResourceLoader
2022-05-20 20:07:54,979 - Velocimacro : added VM includeTitle: source=/templates/macros/page/title.vm
2022-05-20 20:07:54,979 - ResourceManager : found /templates/macros/page/title.vm with loader org.apache.velocity.runtime.resource.loader.ClasspathResourceLoader
2022-05-20 20:07:54,980 - Velocimacro : added VM includeExpandingButtons: source=/templates/macros/report/expandAllButtons.vm
2022-05-20 20:07:54,980 - ResourceManager : found /templates/macros/report/expandAllButtons.vm with loader org.apache.velocity.runtime.resource.loader.ClasspathResourceLoader
2022-05-20 20:07:54,984 - Velocimacro : added VM includeReportTable: source=/templates/macros/report/reportTable.vm
2022-05-20 20:07:54,985 - ResourceManager : found /templates/macros/report/reportTable.vm with loader org.apache.velocity.runtime.resource.loader.ClasspathResourceLoader
2022-05-20 20:07:54,986 - Velocimacro : added VM includeReportHeader: source=/templates/macros/report/reportHeader.vm
2022-05-20 20:07:54,986 - ResourceManager : found /templates/macros/report/reportHeader.vm with loader org.apache.velocity.runtime.resource.loader.ClasspathResourceLoader
2022-05-20 20:07:54,992 - Velocimacro : added VM includeStatsTable: source=/templates/macros/report/statsTable.vm
2022-05-20 20:07:54,992 - ResourceManager : found /templates/macros/report/statsTable.vm with loader org.apache.velocity.runtime.resource.loader.ClasspathResourceLoader
2022-05-20 20:07:54,994 - Velocimacro : added VM includeBrief: source=/templates/macros/json/brief.vm
2022-05-20 20:07:54,994 - ResourceManager : found /templates/macros/json/brief.vm with loader org.apache.velocity.runtime.resource.loader.ClasspathResourceLoader
2022-05-20 20:07:54,995 - Velocimacro : added VM includeDocString: source=/templates/macros/json/docstring.vm
2022-05-20 20:07:54,995 - ResourceManager : found /templates/macros/json/docstring.vm with loader org.apache.velocity.runtime.resource.loader.ClasspathResourceLoader
2022-05-20 20:07:54,997 - Velocimacro : added VM includeDuration: source=/templates/macros/json/duration.vm
2022-05-20 20:07:54,997 - ResourceManager : found /templates/macros/json/duration.vm with loader org.apache.velocity.runtime.resource.loader.ClasspathResourceLoader
2022-05-20 20:07:55,000 - Velocimacro : added VM includeElement: source=/templates/macros/json/element.vm
2022-05-20 20:07:55,000 - ResourceManager : found /templates/macros/json/element.vm with loader org.apache.velocity.runtime.resource.loader.ClasspathResourceLoader
2022-05-20 20:07:55,008 - Velocimacro : added VM includeEmbeddings: source=/templates/macros/json/embeddings.vm
2022-05-20 20:07:55,010 - Velocimacro : added VM includeHtmlEmbedding: source=/templates/macros/json/embeddings.vm
2022-05-20 20:07:55,010 - Velocimacro : added VM includeVideoEmbedding: source=/templates/macros/json/embeddings.vm
2022-05-20 20:07:55,010 - Velocimacro : added VM includeImageEmbedding: source=/templates/macros/json/embeddings.vm
2022-05-20 20:07:55,010 - Velocimacro : added VM includeImageReferenceEmbedding: source=/templates/macros/json/embeddings.vm
2022-05-20 20:07:55,010 - Velocimacro : added VM includeTextEmbedding: source=/templates/macros/json/embeddings.vm
2022-05-20 20:07:55,011 - Velocimacro : added VM includeUnknownEmbedding: source=/templates/macros/json/embeddings.vm
2022-05-20 20:07:55,011 - ResourceManager : found /templates/macros/json/embeddings.vm with loader org.apache.velocity.runtime.resource.loader.ClasspathResourceLoader
2022-05-20 20:07:55,016 - Velocimacro : added VM includeHooks: source=/templates/macros/json/hooks.vm
2022-05-20 20:07:55,016 - ResourceManager : found /templates/macros/json/hooks.vm with loader org.apache.velocity.runtime.resource.loader.ClasspathResourceLoader
2022-05-20 20:07:55,019 - Velocimacro : added VM includeOutput: source=/templates/macros/json/output.vm
2022-05-20 20:07:55,019 - ResourceManager : found /templates/macros/json/output.vm with loader org.apache.velocity.runtime.resource.loader.ClasspathResourceLoader
2022-05-20 20:07:55,020 - Velocimacro : added VM includeMessage: source=/templates/macros/json/message.vm
2022-05-20 20:07:55,020 - ResourceManager : found /templates/macros/json/message.vm with loader org.apache.velocity.runtime.resource.loader.ClasspathResourceLoader
2022-05-20 20:07:55,022 - Velocimacro : added VM includeSteps: source=/templates/macros/json/steps.vm
2022-05-20 20:07:55,022 - ResourceManager : found /templates/macros/json/steps.vm with loader org.apache.velocity.runtime.resource.loader.ClasspathResourceLoader
2022-05-20 20:07:55,023 - Velocimacro : added VM includeStepName: source=/templates/macros/json/stepName.vm
2022-05-20 20:07:55,023 - ResourceManager : found /templates/macros/json/stepName.vm with loader org.apache.velocity.runtime.resource.loader.ClasspathResourceLoader
2022-05-20 20:07:55,024 - Velocimacro : added VM includeTags: source=/templates/macros/json/tags.vm
2022-05-20 20:07:55,024 - ResourceManager : found /templates/macros/json/tags.vm with loader org.apache.velocity.runtime.resource.loader.ClasspathResourceLoader
2022-05-20 20:07:55,030 - VM #includeNavigation: too few arguments to macro. Wanted 1 got 0
2022-05-20 20:07:55,030 - Left side ($active_tab) of '==' operation has null value. If it is a reference, it may not be in the context or its toString() returned null. /templates/macros/page/navigation.vm[line 14, column 51]
2022-05-20 20:07:55,030 - Left side ($active_tab) of '==' operation has null value. If it is a reference, it may not be in the context or its toString() returned null. /templates/macros/page/navigation.vm[line 15, column 51]
2022-05-20 20:07:55,030 - Left side ($active_tab) of '==' operation has null value. If it is a reference, it may not be in the context or its toString() returned null. /templates/macros/page/navigation.vm[line 16, column 51]
2022-05-20 20:07:55,031 - Left side ($active_tab) of '==' operation has null value. If it is a reference, it may not be in the context or its toString() returned null. /templates/macros/page/navigation.vm[line 20, column 51]
2022-05-20 20:07:55,044 - ResourceManager : found /templates/footer.vm with loader org.apache.velocity.runtime.resource.loader.ClasspathResourceLoader
